{"level":"info","message":"Test info log","timestamp":"2025-06-25 17:57:39"}
{"level":"error","message":"Test error log Test error","stack":"Error: Test error\n    at Object.<anonymous> (/Users/rstokes/Sites/Milestone/test-logger.ts:4:32)\n    at Module._compile (node:internal/modules/cjs/loader:1469:14)\n    at Module.m._compile (/Users/rstokes/Sites/Milestone/node_modules/ts-node/src/index.ts:1618:23)\n    at Module._extensions..js (node:internal/modules/cjs/loader:1548:10)\n    at Object.require.extensions.<computed> [as .ts] (/Users/rstokes/Sites/Milestone/node_modules/ts-node/src/index.ts:1621:12)\n    at Module.load (node:internal/modules/cjs/loader:1288:32)\n    at Function.Module._load (node:internal/modules/cjs/loader:1104:12)\n    at Function.executeUserEntryPoint [as runMain] (node:internal/modules/run_main:173:12)\n    at phase4 (/Users/rstokes/Sites/Milestone/node_modules/ts-node/src/bin.ts:649:14)\n    at bootstrap (/Users/rstokes/Sites/Milestone/node_modules/ts-node/src/bin.ts:95:10)","timestamp":"2025-06-25 17:57:39"}
{"level":"info","message":"Loaded environment configuration from .env.development for NODE_ENV=development","timestamp":"2025-06-26 14:54:42"}
{"level":"info","message":"Loaded environment configuration from .env.development for NODE_ENV=development","timestamp":"2025-06-26 14:55:32"}
{"level":"info","message":"Loaded environment configuration from .env.development for NODE_ENV=development","timestamp":"2025-06-26 19:00:59"}
{"level":"info","message":"1. Starting server initialization...","timestamp":"2025-06-26 19:01:00"}
{"level":"info","message":"2. Loading environment configuration...","timestamp":"2025-06-26 19:01:00"}
{"level":"info","message":"3. Environment loaded: PORT=3000, DATABASE_URL=./legal_documents.db, REDIS_URL=redis://localhost:6379","timestamp":"2025-06-26 19:01:00"}
{"level":"info","message":"4. Initializing SQLite database...","timestamp":"2025-06-26 19:01:00"}
{"level":"info","message":"5. SQLite database initialized","timestamp":"2025-06-26 19:01:00"}
{"level":"info","message":"6. Connecting to Redis...","timestamp":"2025-06-26 19:01:00"}
{"level":"info","message":"Redis connected successfully","timestamp":"2025-06-26 19:01:01"}
{"level":"info","message":"7. Redis connected","timestamp":"2025-06-26 19:01:01"}
{"level":"info","message":"8. Creating Express app...","timestamp":"2025-06-26 19:01:01"}
{"level":"info","message":"Session middleware configured successfully","timestamp":"2025-06-26 19:01:01"}
{"level":"info","message":"9. Express app created","timestamp":"2025-06-26 19:01:01"}
{"level":"info","message":"10. Starting server on port 3000...","timestamp":"2025-06-26 19:01:01"}
{"level":"info","message":"11. Server running on http://localhost:3000","timestamp":"2025-06-26 19:01:01"}
{"level":"warn","message":"No token or API key provided","timestamp":"2025-06-27 07:37:55"}
{"level":"info","message":"Loaded environment configuration from .env.development for NODE_ENV=development","timestamp":"2025-06-27 08:12:00"}
{"level":"info","message":"1. Starting server initialization...","timestamp":"2025-06-27 08:12:01"}
{"level":"info","message":"2. Loading environment configuration...","timestamp":"2025-06-27 08:12:01"}
{"level":"info","message":"3. Environment loaded: PORT=3000, DATABASE_URL=./legal_documents.db, REDIS_URL=redis://localhost:6379","timestamp":"2025-06-27 08:12:01"}
{"level":"info","message":"4. Initializing SQLite database...","timestamp":"2025-06-27 08:12:01"}
{"level":"info","message":"5. SQLite database initialized","timestamp":"2025-06-27 08:12:01"}
{"level":"info","message":"6. Connecting to Redis...","timestamp":"2025-06-27 08:12:01"}
{"level":"info","message":"Redis connected successfully","timestamp":"2025-06-27 08:12:01"}
{"level":"info","message":"7. Redis connected","timestamp":"2025-06-27 08:12:01"}
{"level":"info","message":"8. Creating Express app...","timestamp":"2025-06-27 08:12:01"}
{"level":"info","message":"Session middleware configured successfully","timestamp":"2025-06-27 08:12:01"}
{"level":"info","message":"9. Express app created","timestamp":"2025-06-27 08:12:01"}
{"level":"info","message":"10. Starting server on port 3000...","timestamp":"2025-06-27 08:12:01"}
{"level":"info","message":"11. Server running on http://localhost:3000","timestamp":"2025-06-27 08:12:01"}
{"level":"info","message":"Verifying API key: abc123xyz4567890","timestamp":"2025-06-27 08:12:17"}
{"level":"warn","message":"Invalid API key: abc123xyz4567890","timestamp":"2025-06-27 08:12:17"}
{"level":"error","message":"Auth error: Invalid API key","timestamp":"2025-06-27 08:12:17"}
{"level":"info","message":"Loaded environment configuration from .env.development for NODE_ENV=development","timestamp":"2025-06-27 08:13:09"}
{"level":"info","message":"1. Starting server initialization...","timestamp":"2025-06-27 08:13:10"}
{"level":"info","message":"2. Loading environment configuration...","timestamp":"2025-06-27 08:13:10"}
{"level":"info","message":"3. Environment loaded: PORT=3000, DATABASE_URL=./legal_documents.db, REDIS_URL=redis://localhost:6379","timestamp":"2025-06-27 08:13:10"}
{"level":"info","message":"4. Initializing SQLite database...","timestamp":"2025-06-27 08:13:10"}
{"level":"info","message":"5. SQLite database initialized","timestamp":"2025-06-27 08:13:10"}
{"level":"info","message":"6. Connecting to Redis...","timestamp":"2025-06-27 08:13:10"}
{"level":"info","message":"Redis connected successfully","timestamp":"2025-06-27 08:13:10"}
{"level":"info","message":"7. Redis connected","timestamp":"2025-06-27 08:13:10"}
{"level":"info","message":"8. Creating Express app...","timestamp":"2025-06-27 08:13:10"}
{"level":"info","message":"Session middleware configured successfully","timestamp":"2025-06-27 08:13:10"}
{"level":"info","message":"9. Express app created","timestamp":"2025-06-27 08:13:10"}
{"level":"info","message":"10. Starting server on port 3000...","timestamp":"2025-06-27 08:13:10"}
{"level":"info","message":"11. Server running on http://localhost:3000","timestamp":"2025-06-27 08:13:10"}
{"level":"info","message":"Verifying API key: abc123xyz4567890","timestamp":"2025-06-27 08:13:18"}
{"level":"warn","message":"Invalid API key: abc123xyz4567890","timestamp":"2025-06-27 08:13:18"}
{"level":"error","message":"Auth error: Invalid API key","timestamp":"2025-06-27 08:13:18"}
{"level":"info","message":"Verifying API key: abc123xyz4567890","timestamp":"2025-06-27 08:55:25"}
{"level":"warn","message":"Invalid API key: abc123xyz4567890","timestamp":"2025-06-27 08:55:25"}
{"level":"error","message":"Auth error: Invalid API key","timestamp":"2025-06-27 08:55:25"}
{"level":"info","message":"Loaded environment configuration from .env.development for NODE_ENV=development","timestamp":"2025-06-27 09:04:23"}
{"level":"info","message":"Verifying API key: abc123xyz4567890","timestamp":"2025-06-27 09:04:30"}
{"level":"warn","message":"Invalid API key: abc123xyz4567890","timestamp":"2025-06-27 09:04:30"}
{"level":"error","message":"Auth error: Invalid API key","timestamp":"2025-06-27 09:04:30"}
{"level":"info","message":"Loaded environment configuration from .env.development for NODE_ENV=development","timestamp":"2025-06-27 09:08:38"}
{"level":"info","message":"Loaded environment configuration from .env.development for NODE_ENV=development","timestamp":"2025-06-27 09:08:55"}
{"level":"info","message":"1. Starting server initialization...","timestamp":"2025-06-27 09:08:55"}
{"level":"info","message":"2. Loading environment configuration...","timestamp":"2025-06-27 09:08:55"}
{"level":"info","message":"3. Environment loaded: PORT=3000, DATABASE_URL=./src/db/legal_documents.db, REDIS_URL=redis://localhost:6379","timestamp":"2025-06-27 09:08:55"}
{"level":"info","message":"4. Initializing SQLite database...","timestamp":"2025-06-27 09:08:55"}
{"level":"info","message":"5. SQLite database initialized","timestamp":"2025-06-27 09:08:55"}
{"level":"info","message":"6. Connecting to Redis...","timestamp":"2025-06-27 09:08:55"}
{"level":"info","message":"Redis connected successfully","timestamp":"2025-06-27 09:08:55"}
{"level":"info","message":"7. Redis connected","timestamp":"2025-06-27 09:08:55"}
{"level":"info","message":"8. Creating Express app...","timestamp":"2025-06-27 09:08:55"}
{"level":"info","message":"Session middleware configured successfully","timestamp":"2025-06-27 09:08:55"}
{"level":"info","message":"9. Express app created","timestamp":"2025-06-27 09:08:55"}
{"level":"info","message":"10. Starting server on port 3000...","timestamp":"2025-06-27 09:08:55"}
{"level":"info","message":"11. Server running on http://localhost:3000","timestamp":"2025-06-27 09:08:55"}
{"level":"info","message":"Verifying API key: abc123xyz4567890","timestamp":"2025-06-27 09:11:08"}
{"level":"info","message":"API key valid, user_id: 1","timestamp":"2025-06-27 09:11:08"}
{"level":"info","message":"Fetched 1 documents for user 1","timestamp":"2025-06-27 09:11:08"}
{"level":"info","message":"Verifying API key: abc123xyz4567890","timestamp":"2025-06-27 11:16:20"}
{"level":"info","message":"API key valid, user_id: 1","timestamp":"2025-06-27 11:16:20"}
{"level":"info","message":"Fetched 1 documents for user 1","timestamp":"2025-06-27 11:16:20"}
{"level":"info","message":"Verifying API key: abc123xyz4567890","timestamp":"2025-06-27 11:16:24"}
{"level":"info","message":"API key valid, user_id: 1","timestamp":"2025-06-27 11:16:24"}
{"level":"info","message":"Fetched 1 documents for user 1","timestamp":"2025-06-27 11:16:24"}
{"level":"info","message":"Loaded environment configuration from .env.development for NODE_ENV=development","timestamp":"2025-06-27 16:36:28"}
{"level":"info","message":"Loaded environment configuration from .env.development for NODE_ENV=development","timestamp":"2025-06-27 16:36:59"}
{"level":"info","message":"Loaded environment configuration from .env.development for NODE_ENV=development","timestamp":"2025-06-27 16:40:54"}
{"level":"info","message":"Loaded environment configuration from .env.development for NODE_ENV=development","timestamp":"2025-06-27 16:42:23"}
{"level":"info","message":"Loaded environment configuration from .env.development for NODE_ENV=development","timestamp":"2025-06-27 16:43:55"}
{"level":"info","message":"1. Starting server initialization...","timestamp":"2025-06-27 16:43:56"}
{"level":"info","message":"2. Loading environment configuration...","timestamp":"2025-06-27 16:43:56"}
{"level":"info","message":"3. Environment loaded: PORT=3000, DATABASE_URL=./src/db/legal_documents.db, REDIS_URL=redis://localhost:6379","timestamp":"2025-06-27 16:43:56"}
{"level":"info","message":"4. Initializing SQLite database...","timestamp":"2025-06-27 16:43:56"}
{"level":"info","message":"Resolved database path: ./src/db/legal_documents.db","timestamp":"2025-06-27 16:43:56"}
{"level":"info","message":"5. SQLite database initialized","timestamp":"2025-06-27 16:43:56"}
{"level":"info","message":"6. Connecting to Redis...","timestamp":"2025-06-27 16:43:56"}
{"level":"info","message":"Redis connected successfully","timestamp":"2025-06-27 16:43:56"}
{"level":"info","message":"7. Redis connected","timestamp":"2025-06-27 16:43:56"}
{"level":"info","message":"8. Creating Express app...","timestamp":"2025-06-27 16:43:56"}
{"level":"info","message":"Session middleware configured successfully","timestamp":"2025-06-27 16:43:56"}
{"level":"info","message":"9. Express app created","timestamp":"2025-06-27 16:43:56"}
{"level":"info","message":"10. Starting server on port 3000...","timestamp":"2025-06-27 16:43:56"}
{"level":"info","message":"11. Server running on http://localhost:3000","timestamp":"2025-06-27 16:43:56"}
